<?xml version="1.0" encoding="UTF-8"?>
<!-- Generated by org.testng.reporters.JUnitXMLReporter -->
<testsuite hostname="PUSHANTH-M-G3PD" name="Default test" tests="5" failures="0" timestamp="27 Apr 2018 09:53:17 GMT" time="150.356" errors="0">
  <testcase name="testWithInvalidEmailId" time="32.791" classname="com.komoot.login.TestLogin"/>
  <testcase name="testForMandatoryFieldName" time="15.466" classname="com.komoot.login.TestLogin"/>
  <testcase name="testForMandatoryFieldEmail" time="21.926" classname="com.komoot.login.TestLogin"/>
  <testcase name="testForMandatoryFieldPassword" time="27.316" classname="com.komoot.login.TestLogin"/>
  <testcase name="validateSignup" time="24.805" classname="com.komoot.login.TestLogin"/>
</testsuite> <!-- Default test -->
