<?xml version="1.0" encoding="UTF-8"?>
<testng-results skipped="0" failed="5" total="5" passed="0">
  <reporter-output>
    <line>
      <![CDATA[=====Entered Invalid EmailID Test=====]]>
    </line>
    <line>
      <![CDATA[=====Entered Mandatory Field: Name Test=====]]>
    </line>
    <line>
      <![CDATA[=====Entered Mandatory Field: Email Test=====]]>
    </line>
    <line>
      <![CDATA[=====Entered Mandatory Field: Password Test=====]]>
    </line>
    <line>
      <![CDATA[=====Entered Sign Up Test=====]]>
    </line>
    <line>
      <![CDATA[=====Entered validateLogin Method Successfully=====]]>
    </line>
  </reporter-output>
  <suite name="Default suite" duration-ms="55516" started-at="2018-04-27T18:29:30Z" finished-at="2018-04-27T18:30:26Z">
    <groups>
    </groups>
    <test name="Default test" duration-ms="55516" started-at="2018-04-27T18:29:30Z" finished-at="2018-04-27T18:30:26Z">
      <class name="com.komoot.login.TestLogin">
        <test-method status="PASS" signature="setUp()[pri:0, instance:com.komoot.login.TestLogin@2b98378d]" name="setUp" is-config="true" duration-ms="11628" started-at="2018-04-27T20:29:30Z" finished-at="2018-04-27T20:29:42Z">
          <reporter-output>
          </reporter-output>
        </test-method> <!-- setUp -->
        <test-method status="FAIL" signature="testWithInvalidEmailId()[pri:0, instance:com.komoot.login.TestLogin@2b98378d]" name="testWithInvalidEmailId" duration-ms="5014" started-at="2018-04-27T20:29:42Z" description="Verify validation for Invalid Email ID" finished-at="2018-04-27T20:29:47Z">
          <exception class="java.lang.NullPointerException">
            <full-stacktrace>
              <![CDATA[java.lang.NullPointerException
	at com.komoot.login.TestLogin.testWithInvalidEmailId(TestLogin.java:33)
	at sun.reflect.NativeMethodAccessorImpl.invoke0(Native Method)
	at sun.reflect.NativeMethodAccessorImpl.invoke(NativeMethodAccessorImpl.java:62)
	at sun.reflect.DelegatingMethodAccessorImpl.invoke(DelegatingMethodAccessorImpl.java:43)
	at java.lang.reflect.Method.invoke(Method.java:498)
	at org.testng.internal.MethodInvocationHelper.invokeMethod(MethodInvocationHelper.java:84)
	at org.testng.internal.Invoker.invokeMethod(Invoker.java:714)
	at org.testng.internal.Invoker.invokeTestMethod(Invoker.java:901)
	at org.testng.internal.Invoker.invokeTestMethods(Invoker.java:1231)
	at org.testng.internal.TestMethodWorker.invokeTestMethods(TestMethodWorker.java:127)
	at org.testng.internal.TestMethodWorker.run(TestMethodWorker.java:111)
	at org.testng.TestRunner.privateRun(TestRunner.java:767)
	at org.testng.TestRunner.run(TestRunner.java:617)
	at org.testng.SuiteRunner.runTest(SuiteRunner.java:334)
	at org.testng.SuiteRunner.runSequentially(SuiteRunner.java:329)
	at org.testng.SuiteRunner.privateRun(SuiteRunner.java:291)
	at org.testng.SuiteRunner.run(SuiteRunner.java:240)
	at org.testng.SuiteRunnerWorker.runSuite(SuiteRunnerWorker.java:52)
	at org.testng.SuiteRunnerWorker.run(SuiteRunnerWorker.java:86)
	at org.testng.TestNG.runSuitesSequentially(TestNG.java:1224)
	at org.testng.TestNG.runSuitesLocally(TestNG.java:1149)
	at org.testng.TestNG.run(TestNG.java:1057)
	at org.testng.remote.AbstractRemoteTestNG.run(AbstractRemoteTestNG.java:114)
	at org.testng.remote.RemoteTestNG.initAndRun(RemoteTestNG.java:251)
	at org.testng.remote.RemoteTestNG.main(RemoteTestNG.java:77)
]]>
            </full-stacktrace>
          </exception> <!-- java.lang.NullPointerException -->
          <reporter-output>
            <line>
              <![CDATA[=====Entered Invalid EmailID Test=====]]>
            </line>
          </reporter-output>
        </test-method> <!-- testWithInvalidEmailId -->
        <test-method status="PASS" signature="tearDown()[pri:0, instance:com.komoot.login.TestLogin@2b98378d]" name="tearDown" is-config="true" duration-ms="571" started-at="2018-04-27T20:29:47Z" finished-at="2018-04-27T20:29:47Z">
          <reporter-output>
          </reporter-output>
        </test-method> <!-- tearDown -->
        <test-method status="PASS" signature="setUp()[pri:0, instance:com.komoot.login.TestLogin@2b98378d]" name="setUp" is-config="true" duration-ms="5302" started-at="2018-04-27T20:29:47Z" finished-at="2018-04-27T20:29:53Z">
          <reporter-output>
          </reporter-output>
        </test-method> <!-- setUp -->
        <test-method status="FAIL" signature="testForMandatoryFieldName()[pri:0, instance:com.komoot.login.TestLogin@2b98378d]" name="testForMandatoryFieldName" duration-ms="5003" started-at="2018-04-27T20:29:53Z" description="Verify Mandatory field validation for Name field" finished-at="2018-04-27T20:29:58Z">
          <exception class="java.lang.NullPointerException">
            <full-stacktrace>
              <![CDATA[java.lang.NullPointerException
	at com.komoot.login.TestLogin.testForMandatoryFieldName(TestLogin.java:66)
	at sun.reflect.NativeMethodAccessorImpl.invoke0(Native Method)
	at sun.reflect.NativeMethodAccessorImpl.invoke(NativeMethodAccessorImpl.java:62)
	at sun.reflect.DelegatingMethodAccessorImpl.invoke(DelegatingMethodAccessorImpl.java:43)
	at java.lang.reflect.Method.invoke(Method.java:498)
	at org.testng.internal.MethodInvocationHelper.invokeMethod(MethodInvocationHelper.java:84)
	at org.testng.internal.Invoker.invokeMethod(Invoker.java:714)
	at org.testng.internal.Invoker.invokeTestMethod(Invoker.java:901)
	at org.testng.internal.Invoker.invokeTestMethods(Invoker.java:1231)
	at org.testng.internal.TestMethodWorker.invokeTestMethods(TestMethodWorker.java:127)
	at org.testng.internal.TestMethodWorker.run(TestMethodWorker.java:111)
	at org.testng.TestRunner.privateRun(TestRunner.java:767)
	at org.testng.TestRunner.run(TestRunner.java:617)
	at org.testng.SuiteRunner.runTest(SuiteRunner.java:334)
	at org.testng.SuiteRunner.runSequentially(SuiteRunner.java:329)
	at org.testng.SuiteRunner.privateRun(SuiteRunner.java:291)
	at org.testng.SuiteRunner.run(SuiteRunner.java:240)
	at org.testng.SuiteRunnerWorker.runSuite(SuiteRunnerWorker.java:52)
	at org.testng.SuiteRunnerWorker.run(SuiteRunnerWorker.java:86)
	at org.testng.TestNG.runSuitesSequentially(TestNG.java:1224)
	at org.testng.TestNG.runSuitesLocally(TestNG.java:1149)
	at org.testng.TestNG.run(TestNG.java:1057)
	at org.testng.remote.AbstractRemoteTestNG.run(AbstractRemoteTestNG.java:114)
	at org.testng.remote.RemoteTestNG.initAndRun(RemoteTestNG.java:251)
	at org.testng.remote.RemoteTestNG.main(RemoteTestNG.java:77)
]]>
            </full-stacktrace>
          </exception> <!-- java.lang.NullPointerException -->
          <reporter-output>
            <line>
              <![CDATA[=====Entered Mandatory Field: Name Test=====]]>
            </line>
          </reporter-output>
        </test-method> <!-- testForMandatoryFieldName -->
        <test-method status="PASS" signature="tearDown()[pri:0, instance:com.komoot.login.TestLogin@2b98378d]" name="tearDown" is-config="true" duration-ms="434" started-at="2018-04-27T20:29:58Z" finished-at="2018-04-27T20:29:58Z">
          <reporter-output>
          </reporter-output>
        </test-method> <!-- tearDown -->
        <test-method status="PASS" signature="setUp()[pri:0, instance:com.komoot.login.TestLogin@2b98378d]" name="setUp" is-config="true" duration-ms="5244" started-at="2018-04-27T20:29:58Z" finished-at="2018-04-27T20:30:03Z">
          <reporter-output>
          </reporter-output>
        </test-method> <!-- setUp -->
        <test-method status="FAIL" signature="testForMandatoryFieldEmail()[pri:0, instance:com.komoot.login.TestLogin@2b98378d]" name="testForMandatoryFieldEmail" duration-ms="5004" started-at="2018-04-27T20:30:03Z" description="Verify Mandatory field validation for Email field" finished-at="2018-04-27T20:30:08Z">
          <exception class="java.lang.NullPointerException">
            <full-stacktrace>
              <![CDATA[java.lang.NullPointerException
	at com.komoot.login.TestLogin.testForMandatoryFieldEmail(TestLogin.java:91)
	at sun.reflect.NativeMethodAccessorImpl.invoke0(Native Method)
	at sun.reflect.NativeMethodAccessorImpl.invoke(NativeMethodAccessorImpl.java:62)
	at sun.reflect.DelegatingMethodAccessorImpl.invoke(DelegatingMethodAccessorImpl.java:43)
	at java.lang.reflect.Method.invoke(Method.java:498)
	at org.testng.internal.MethodInvocationHelper.invokeMethod(MethodInvocationHelper.java:84)
	at org.testng.internal.Invoker.invokeMethod(Invoker.java:714)
	at org.testng.internal.Invoker.invokeTestMethod(Invoker.java:901)
	at org.testng.internal.Invoker.invokeTestMethods(Invoker.java:1231)
	at org.testng.internal.TestMethodWorker.invokeTestMethods(TestMethodWorker.java:127)
	at org.testng.internal.TestMethodWorker.run(TestMethodWorker.java:111)
	at org.testng.TestRunner.privateRun(TestRunner.java:767)
	at org.testng.TestRunner.run(TestRunner.java:617)
	at org.testng.SuiteRunner.runTest(SuiteRunner.java:334)
	at org.testng.SuiteRunner.runSequentially(SuiteRunner.java:329)
	at org.testng.SuiteRunner.privateRun(SuiteRunner.java:291)
	at org.testng.SuiteRunner.run(SuiteRunner.java:240)
	at org.testng.SuiteRunnerWorker.runSuite(SuiteRunnerWorker.java:52)
	at org.testng.SuiteRunnerWorker.run(SuiteRunnerWorker.java:86)
	at org.testng.TestNG.runSuitesSequentially(TestNG.java:1224)
	at org.testng.TestNG.runSuitesLocally(TestNG.java:1149)
	at org.testng.TestNG.run(TestNG.java:1057)
	at org.testng.remote.AbstractRemoteTestNG.run(AbstractRemoteTestNG.java:114)
	at org.testng.remote.RemoteTestNG.initAndRun(RemoteTestNG.java:251)
	at org.testng.remote.RemoteTestNG.main(RemoteTestNG.java:77)
]]>
            </full-stacktrace>
          </exception> <!-- java.lang.NullPointerException -->
          <reporter-output>
            <line>
              <![CDATA[=====Entered Mandatory Field: Email Test=====]]>
            </line>
          </reporter-output>
        </test-method> <!-- testForMandatoryFieldEmail -->
        <test-method status="PASS" signature="tearDown()[pri:0, instance:com.komoot.login.TestLogin@2b98378d]" name="tearDown" is-config="true" duration-ms="406" started-at="2018-04-27T20:30:08Z" finished-at="2018-04-27T20:30:09Z">
          <reporter-output>
          </reporter-output>
        </test-method> <!-- tearDown -->
        <test-method status="PASS" signature="setUp()[pri:0, instance:com.komoot.login.TestLogin@2b98378d]" name="setUp" is-config="true" duration-ms="5169" started-at="2018-04-27T20:30:09Z" finished-at="2018-04-27T20:30:14Z">
          <reporter-output>
          </reporter-output>
        </test-method> <!-- setUp -->
        <test-method status="FAIL" signature="testForMandatoryFieldPassword()[pri:0, instance:com.komoot.login.TestLogin@2b98378d]" name="testForMandatoryFieldPassword" duration-ms="5005" started-at="2018-04-27T20:30:14Z" description="Verify Mandatory field validation for Password field" finished-at="2018-04-27T20:30:19Z">
          <exception class="java.lang.NullPointerException">
            <full-stacktrace>
              <![CDATA[java.lang.NullPointerException
	at com.komoot.login.TestLogin.testForMandatoryFieldPassword(TestLogin.java:117)
	at sun.reflect.NativeMethodAccessorImpl.invoke0(Native Method)
	at sun.reflect.NativeMethodAccessorImpl.invoke(NativeMethodAccessorImpl.java:62)
	at sun.reflect.DelegatingMethodAccessorImpl.invoke(DelegatingMethodAccessorImpl.java:43)
	at java.lang.reflect.Method.invoke(Method.java:498)
	at org.testng.internal.MethodInvocationHelper.invokeMethod(MethodInvocationHelper.java:84)
	at org.testng.internal.Invoker.invokeMethod(Invoker.java:714)
	at org.testng.internal.Invoker.invokeTestMethod(Invoker.java:901)
	at org.testng.internal.Invoker.invokeTestMethods(Invoker.java:1231)
	at org.testng.internal.TestMethodWorker.invokeTestMethods(TestMethodWorker.java:127)
	at org.testng.internal.TestMethodWorker.run(TestMethodWorker.java:111)
	at org.testng.TestRunner.privateRun(TestRunner.java:767)
	at org.testng.TestRunner.run(TestRunner.java:617)
	at org.testng.SuiteRunner.runTest(SuiteRunner.java:334)
	at org.testng.SuiteRunner.runSequentially(SuiteRunner.java:329)
	at org.testng.SuiteRunner.privateRun(SuiteRunner.java:291)
	at org.testng.SuiteRunner.run(SuiteRunner.java:240)
	at org.testng.SuiteRunnerWorker.runSuite(SuiteRunnerWorker.java:52)
	at org.testng.SuiteRunnerWorker.run(SuiteRunnerWorker.java:86)
	at org.testng.TestNG.runSuitesSequentially(TestNG.java:1224)
	at org.testng.TestNG.runSuitesLocally(TestNG.java:1149)
	at org.testng.TestNG.run(TestNG.java:1057)
	at org.testng.remote.AbstractRemoteTestNG.run(AbstractRemoteTestNG.java:114)
	at org.testng.remote.RemoteTestNG.initAndRun(RemoteTestNG.java:251)
	at org.testng.remote.RemoteTestNG.main(RemoteTestNG.java:77)
]]>
            </full-stacktrace>
          </exception> <!-- java.lang.NullPointerException -->
          <reporter-output>
            <line>
              <![CDATA[=====Entered Mandatory Field: Password Test=====]]>
            </line>
          </reporter-output>
        </test-method> <!-- testForMandatoryFieldPassword -->
        <test-method status="PASS" signature="tearDown()[pri:0, instance:com.komoot.login.TestLogin@2b98378d]" name="tearDown" is-config="true" duration-ms="488" started-at="2018-04-27T20:30:19Z" finished-at="2018-04-27T20:30:19Z">
          <reporter-output>
          </reporter-output>
        </test-method> <!-- tearDown -->
        <test-method status="PASS" signature="setUp()[pri:0, instance:com.komoot.login.TestLogin@2b98378d]" name="setUp" is-config="true" duration-ms="5804" started-at="2018-04-27T20:30:19Z" finished-at="2018-04-27T20:30:25Z">
          <reporter-output>
          </reporter-output>
        </test-method> <!-- setUp -->
        <test-method status="FAIL" signature="validateSignup()[pri:0, instance:com.komoot.login.TestLogin@2b98378d]" name="validateSignup" duration-ms="1" started-at="2018-04-27T20:30:25Z" description="Verify Sign up functionality by providing valid values" finished-at="2018-04-27T20:30:25Z">
          <exception class="java.lang.NullPointerException">
            <full-stacktrace>
              <![CDATA[java.lang.NullPointerException
	at com.komoot.library.Utility.validateLogin(Utility.java:28)
	at com.komoot.login.TestLogin.validateSignup(TestLogin.java:144)
	at sun.reflect.NativeMethodAccessorImpl.invoke0(Native Method)
	at sun.reflect.NativeMethodAccessorImpl.invoke(NativeMethodAccessorImpl.java:62)
	at sun.reflect.DelegatingMethodAccessorImpl.invoke(DelegatingMethodAccessorImpl.java:43)
	at java.lang.reflect.Method.invoke(Method.java:498)
	at org.testng.internal.MethodInvocationHelper.invokeMethod(MethodInvocationHelper.java:84)
	at org.testng.internal.Invoker.invokeMethod(Invoker.java:714)
	at org.testng.internal.Invoker.invokeTestMethod(Invoker.java:901)
	at org.testng.internal.Invoker.invokeTestMethods(Invoker.java:1231)
	at org.testng.internal.TestMethodWorker.invokeTestMethods(TestMethodWorker.java:127)
	at org.testng.internal.TestMethodWorker.run(TestMethodWorker.java:111)
	at org.testng.TestRunner.privateRun(TestRunner.java:767)
	at org.testng.TestRunner.run(TestRunner.java:617)
	at org.testng.SuiteRunner.runTest(SuiteRunner.java:334)
	at org.testng.SuiteRunner.runSequentially(SuiteRunner.java:329)
	at org.testng.SuiteRunner.privateRun(SuiteRunner.java:291)
	at org.testng.SuiteRunner.run(SuiteRunner.java:240)
	at org.testng.SuiteRunnerWorker.runSuite(SuiteRunnerWorker.java:52)
	at org.testng.SuiteRunnerWorker.run(SuiteRunnerWorker.java:86)
	at org.testng.TestNG.runSuitesSequentially(TestNG.java:1224)
	at org.testng.TestNG.runSuitesLocally(TestNG.java:1149)
	at org.testng.TestNG.run(TestNG.java:1057)
	at org.testng.remote.AbstractRemoteTestNG.run(AbstractRemoteTestNG.java:114)
	at org.testng.remote.RemoteTestNG.initAndRun(RemoteTestNG.java:251)
	at org.testng.remote.RemoteTestNG.main(RemoteTestNG.java:77)
]]>
            </full-stacktrace>
          </exception> <!-- java.lang.NullPointerException -->
          <reporter-output>
            <line>
              <![CDATA[=====Entered Sign Up Test=====]]>
            </line>
            <line>
              <![CDATA[=====Entered validateLogin Method Successfully=====]]>
            </line>
          </reporter-output>
        </test-method> <!-- validateSignup -->
        <test-method status="PASS" signature="tearDown()[pri:0, instance:com.komoot.login.TestLogin@2b98378d]" name="tearDown" is-config="true" duration-ms="419" started-at="2018-04-27T20:30:25Z" finished-at="2018-04-27T20:30:26Z">
          <reporter-output>
          </reporter-output>
        </test-method> <!-- tearDown -->
      </class> <!-- com.komoot.login.TestLogin -->
    </test> <!-- Default test -->
  </suite> <!-- Default suite -->
</testng-results>
