<?xml version="1.0" encoding="UTF-8"?>
<!-- Generated by org.testng.reporters.JUnitReportReporter -->
<testsuite hostname="PUSHANTH-M-G3PD" name="com.komoot.login.TestLogin" tests="5" failures="0" timestamp="27 Apr 2018 09:53:18 GMT" time="150.336" errors="0">
  <testcase name="testForMandatoryFieldPassword" time="32.943" classname="com.komoot.login.TestLogin"/>
  <testcase name="validateSignup" time="30.842" classname="com.komoot.login.TestLogin"/>
  <testcase name="testWithInvalidEmailId" time="38.326" classname="com.komoot.login.TestLogin"/>
  <testcase name="testForMandatoryFieldName" time="20.895" classname="com.komoot.login.TestLogin"/>
  <testcase name="testForMandatoryFieldEmail" time="27.330" classname="com.komoot.login.TestLogin"/>
</testsuite> <!-- com.komoot.login.TestLogin -->
